<?xml version="1.0" encoding="UTF-8"?>
<!-- Generated by org.testng.reporters.JUnitReportReporter -->
<testsuite hostname="DESKTOP-AS7LIKN" failures="0" tests="1" name="testNg.NotificationPrgm" time="8.446" errors="0" timestamp="2024-02-15T13:21:24 IST" skipped="0">
  <testcase classname="testNg.NotificationPrgm" name="test" time="8.446"/>
  <system-out/>
</testsuite> <!-- testNg.NotificationPrgm -->
