<?xml version="1.0" encoding="UTF-8"?>
<!-- Generated by org.testng.reporters.JUnitReportReporter -->
<testsuite hostname="DESKTOP-AS7LIKN" failures="0" tests="3" name="testNg.CrossBrowserTest" time="3.948" errors="0" timestamp="2024-02-16T12:15:48 IST" skipped="0">
  <testcase classname="testNg.CrossBrowserTest" name="test" time="1.670"/>
  <system-out/>
  <testcase classname="testNg.CrossBrowserTest" name="test" time="1.095"/>
  <system-out/>
  <testcase classname="testNg.CrossBrowserTest" name="test" time="1.183"/>
  <system-out/>
</testsuite> <!-- testNg.CrossBrowserTest -->
