<?xml version="1.0" encoding="UTF-8"?>
<!-- Generated by org.testng.reporters.JUnitReportReporter -->
<testsuite hostname="DESKTOP-AS7LIKN" failures="0" tests="1" name="testNg.DragDropp" time="6.160" errors="0" timestamp="2024-02-19T13:01:54 IST" skipped="0">
  <testcase classname="testNg.DragDropp" name="test" time="6.160"/>
  <system-out/>
</testsuite> <!-- testNg.DragDropp -->
