<?xml version="1.0" encoding="UTF-8"?>
<!-- Generated by org.testng.reporters.JUnitReportReporter -->
<testsuite hostname="DESKTOP-AS7LIKN" failures="0" tests="1" name="testNg.MouseOver" time="6.594" errors="0" timestamp="2024-02-20T13:13:39 IST" skipped="0">
  <testcase classname="testNg.MouseOver" name="test" time="6.594"/>
  <system-out/>
</testsuite> <!-- testNg.MouseOver -->
