<?xml version="1.0" encoding="UTF-8"?>
<!-- Generated by org.testng.reporters.JUnitReportReporter -->
<testsuite hostname="DESKTOP-AS7LIKN" failures="0" tests="4" name="testNg.Annotations" time="0.013" errors="0" timestamp="2024-02-14T12:40:26 IST" skipped="1">
  <testcase classname="testNg.Annotations" name="test3" time="0.009"/>
  <system-out/>
  <testcase classname="testNg.Annotations" name="test2" time="0.003"/>
  <system-out/>
  <testcase classname="testNg.Annotations" name="test2" time="0.001"/>
  <system-out/>
  <testcase classname="testNg.Annotations" name="test1">
    <skipped/>
  </testcase> <!-- test1 -->
  <system-out/>
</testsuite> <!-- testNg.Annotations -->
