<?xml version="1.0" encoding="UTF-8"?>
<!-- Generated by org.testng.reporters.JUnitReportReporter -->
<testsuite hostname="DESKTOP-AS7LIKN" failures="0" tests="1" name="testpkg.Fbtest" time="31.644" errors="0" timestamp="2024-02-29T13:29:38 IST" skipped="0">
  <testcase classname="testpkg.Fbtest" name="verifyLoginWithValidCard" time="31.644"/>
  <system-out/>
</testsuite> <!-- testpkg.Fbtest -->
