<?xml version="1.0" encoding="UTF-8"?>
<!-- Generated by org.testng.reporters.JUnitReportReporter -->
<testsuite hostname="DESKTOP-AS7LIKN" failures="0" tests="1" name="testNg.RobotFileUpload" time="3.878" errors="0" timestamp="2024-02-23T13:01:26 IST" skipped="0">
  <testcase classname="testNg.RobotFileUpload" name="test" time="3.878"/>
  <system-out/>
</testsuite> <!-- testNg.RobotFileUpload -->
