<?xml version="1.0" encoding="UTF-8"?>
<!-- Generated by org.testng.reporters.JUnitReportReporter -->
<testsuite hostname="DESKTOP-AS7LIKN" failures="0" tests="1" name="testNg.Autoit" time="1.271" errors="0" timestamp="2024-02-23T13:43:23 IST" skipped="0">
  <testcase classname="testNg.Autoit" name="test" time="1.271"/>
  <system-out/>
</testsuite> <!-- testNg.Autoit -->
