<?xml version="1.0" encoding="UTF-8"?>
<!-- Generated by org.testng.reporters.JUnitReportReporter -->
<testsuite hostname="DESKTOP-AS7LIKN" failures="0" tests="1" name="test.Blazedemotest" time="2.552" errors="0" timestamp="2024-02-27T13:14:56 IST" skipped="0">
  <testcase classname="test.Blazedemotest" name="test" time="2.552"/>
  <system-out/>
</testsuite> <!-- test.Blazedemotest -->
