<?xml version="1.0" encoding="UTF-8"?>
<!-- Generated by org.testng.reporters.JUnitReportReporter -->
<testsuite hostname="DESKTOP-AS7LIKN" failures="0" tests="1" name="testNg.FileUploadRobot" time="2.806" errors="0" timestamp="2024-02-23T12:31:51 IST" skipped="0">
  <testcase classname="testNg.FileUploadRobot" name="test" time="2.806"/>
  <system-out/>
</testsuite> <!-- testNg.FileUploadRobot -->
