<?xml version="1.0" encoding="UTF-8"?>
<!-- Generated by org.testng.reporters.JUnitReportReporter -->
<testsuite hostname="DESKTOP-AS7LIKN" failures="0" tests="3" name="testNg.TestNgGrouping" time="0.016" errors="0" timestamp="2024-02-15T12:10:41 IST" skipped="0">
  <testcase classname="testNg.TestNgGrouping" name="main1" time="0.012"/>
  <system-out/>
  <testcase classname="testNg.TestNgGrouping" name="main2" time="0.002"/>
  <system-out/>
  <testcase classname="testNg.TestNgGrouping" name="main4" time="0.002"/>
  <system-out/>
</testsuite> <!-- testNg.TestNgGrouping -->
