<?xml version="1.0" encoding="UTF-8"?>
<!-- Generated by org.testng.reporters.JUnitReportReporter -->
<testsuite hostname="DESKTOP-AS7LIKN" failures="0" tests="1" name="test.Fblogintest" time="1.228" errors="0" timestamp="2024-02-28T11:50:03 IST" skipped="0">
  <testcase classname="test.Fblogintest" name="test" time="1.228"/>
  <system-out/>
</testsuite> <!-- test.Fblogintest -->
