<?xml version="1.0" encoding="UTF-8"?>
<!-- Generated by org.testng.reporters.JUnitReportReporter -->
<testsuite hostname="DESKTOP-AS7LIKN" failures="0" tests="1" name="testNg.ParameterTesting" time="0.011" errors="0" timestamp="2024-02-15T12:39:45 IST" skipped="0">
  <testcase classname="testNg.ParameterTesting" name="main" time="0.011"/>
  <system-out/>
</testsuite> <!-- testNg.ParameterTesting -->
