<?xml version="1.0" encoding="UTF-8"?>
<!-- Generated by org.testng.reporters.JUnitReportReporter -->
<testsuite hostname="DESKTOP-AS7LIKN" failures="0" tests="1" name="test.FbloginPagefactoryTest" time="2.031" errors="0" timestamp="2024-02-28T12:45:53 IST" skipped="0">
  <testcase classname="test.FbloginPagefactoryTest" name="test" time="2.031"/>
  <system-out/>
</testsuite> <!-- test.FbloginPagefactoryTest -->
