<?xml version="1.0" encoding="UTF-8"?>
<!-- Generated by org.testng.reporters.JUnitReportReporter -->
<testsuite hostname="DESKTOP-AS7LIKN" failures="0" tests="1" name="testNg.WindowHandling" time="7.483" errors="0" timestamp="2024-02-22T12:42:16 IST" skipped="0">
  <testcase classname="testNg.WindowHandling" name="window" time="7.483"/>
  <system-out/>
</testsuite> <!-- testNg.WindowHandling -->
