<?xml version="1.0" encoding="UTF-8"?>
<!-- Generated by org.testng.reporters.JUnitReportReporter -->
<testsuite hostname="DESKTOP-AS7LIKN" failures="0" tests="5" name="testNg.Assignment1" time="21.651" errors="0" timestamp="2024-02-20T11:28:50 IST" skipped="0">
  <testcase classname="testNg.Assignment1" name="responsecode" time="0.753"/>
  <system-out/>
  <testcase classname="testNg.Assignment1" name="search" time="15.065"/>
  <system-out/>
  <testcase classname="testNg.Assignment1" name="screenshot" time="0.207"/>
  <system-out/>
  <testcase classname="testNg.Assignment1" name="scrolldown" time="2.152"/>
  <system-out/>
  <testcase classname="testNg.Assignment1" name="test" time="3.474"/>
  <system-out/>
</testsuite> <!-- testNg.Assignment1 -->
