<?xml version="1.0" encoding="UTF-8"?>
<!-- Generated by org.testng.reporters.JUnitReportReporter -->
<testsuite hostname="DESKTOP-AS7LIKN" failures="0" tests="1" name="testNg.WorkAmazon" time="14.467" errors="0" timestamp="2024-02-23T11:40:47 IST" skipped="0">
  <testcase classname="testNg.WorkAmazon" name="test" time="14.467"/>
  <system-out/>
</testsuite> <!-- testNg.WorkAmazon -->
