<?xml version="1.0" encoding="UTF-8"?>
<!-- Generated by org.testng.reporters.JUnitReportReporter -->
<testsuite hostname="DESKTOP-AS7LIKN" failures="0" tests="1" name="testNg.RightClick" time="4.307" errors="0" timestamp="2024-02-20T12:33:27 IST" skipped="0">
  <testcase classname="testNg.RightClick" name="test" time="4.307"/>
  <system-out/>
</testsuite> <!-- testNg.RightClick -->
