<?xml version="1.0" encoding="UTF-8"?>
<!-- Generated by org.testng.reporters.JUnitReportReporter -->
<testsuite hostname="DESKTOP-AS7LIKN" failures="0" tests="1" name="testNg.CopyPasteWithAction" time="24.063" errors="0" timestamp="2024-02-19T13:15:22 IST" skipped="0">
  <testcase classname="testNg.CopyPasteWithAction" name="test" time="24.063"/>
  <system-out/>
</testsuite> <!-- testNg.CopyPasteWithAction -->
